<?xml version="1.0" encoding="UTF-8"?>
<!-- Generated by org.testng.reporters.JUnitXMLReporter -->
<testsuite ignored="0" hostname="LAPTOP-4APC8E04" failures="0" tests="6" name="Default test" time="11.968" errors="0" timestamp="2024-05-11T15:26:01 IST">
  <testcase classname="Testsuite.signUpTests" name="SignupInvalidEmail1" time="1.331"/>
  <testcase classname="Testsuite.signUpTests" name="SignupInvalidEmail2" time="1.181"/>
  <testcase classname="Testsuite.signUpTests" name="SignupEmptyFirstName" time="1.035"/>
  <testcase classname="Testsuite.signUpTests" name="SignupEmptyLastName" time="0.956"/>
  <testcase classname="Testsuite.signUpTests" name="SignupEmptyEmail" time="1.035"/>
  <testcase classname="Testsuite.signUpTests" name="SignupCheckBox" time="3.236"/>
</testsuite> <!-- Default test -->
