<?xml version="1.0" encoding="UTF-8"?>
<!-- Generated by org.testng.reporters.JUnitXMLReporter -->
<testsuite ignored="0" hostname="LAPTOP-4APC8E04" failures="0" tests="15" name="Test" time="35.856" errors="0" timestamp="2024-05-11T15:24:52 IST">
  <testcase classname="Testsuite.SignInTests" name="verifyUserFound" time="9.431"/>
  <testcase classname="Testsuite.SignInTests" name="verifyUserNotFound" time="3.067"/>
  <testcase classname="Testsuite.SignInTests" name="passwordEmpty" time="0.795"/>
  <testcase classname="Testsuite.SignInTests" name="usernameEmpty" time="1.435"/>
  <testcase classname="Testsuite.SignInTests" name="passwordIncorrect" time="2.634"/>
  <testcase classname="Testsuite.signUpTests" name="SignupInvalidEmail1" time="1.268"/>
  <testcase classname="Testsuite.signUpTests" name="SignupInvalidEmail2" time="1.271"/>
  <testcase classname="Testsuite.signUpTests" name="SignupEmptyFirstName" time="1.064"/>
  <testcase classname="Testsuite.signUpTests" name="SignupEmptyLastName" time="1.016"/>
  <testcase classname="Testsuite.signUpTests" name="SignupEmptyEmail" time="1.176"/>
  <testcase classname="Testsuite.signUpTests" name="SignupCheckBox" time="2.578"/>
  <testcase classname="Testsuite.LoginPage" name="verifyTitle" time="5.021"/>
  <testcase classname="Testsuite.LoginPage" name="verifyUserProfileIconClickable" time="0.198"/>
  <testcase classname="Testsuite.LoginPage" name="verifyUserProfileIconRedirection" time="0.18"/>
  <testcase classname="Testsuite.LoginPage" name="verifySignInPage" time="1.495"/>
</testsuite> <!-- Test -->
